GAME;PLR1;PLR2;Bot1;Bot2;true;false;1197551699;true;5000;5;100;ORIGINAL_A60_D70
PLR1|-->|settings your_bot PLR1
PLR1|-->|settings opponent_bot PLR2
PLR2|-->|settings your_bot PLR2
PLR2|-->|settings opponent_bot PLR1
PLR1|-->|setup_map super_regions 1 5 2 2 3 5 4 3 5 7 6 2
PLR1|-->|setup_map regions 1 1 2 1 3 1 4 1 5 1 6 1 7 1 8 1 9 1 10 2 11 2 12 2 13 2 14 3 15 3 16 3 17 3 18 3 19 3 20 3 21 4 22 4 23 4 24 4 25 4 26 4 27 5 28 5 29 5 30 5 31 5 32 5 33 5 34 5 35 5 36 5 37 5 38 5 39 6 40 6 41 6 42 6
PLR1|-->|setup_map neighbors 1 2,4,30 2 3,4,5 3 5,6,14 4 5,7 5 6,7,8 6 8 7 8,9 8 9 9 10 10 11,12 11 12,13 12 13,21 14 15,16 15 16,18,19 16 17 17 19,20,27,32,36 18 19,20,21 19 20 20 21,22,36 21 22,23,24 22 23,36 23 24,25,26,36 24 25 25 26 27 28,32,33 28 29,31,33,34 29 30,31 30 31,34,35 31 34 32 33,36,37 33 34,37,38 34 35 36 37 37 38 38 39 39 40,41 40 41,42 41 42
PLR2|-->|setup_map super_regions 1 5 2 2 3 5 4 3 5 7 6 2
PLR2|-->|setup_map regions 1 1 2 1 3 1 4 1 5 1 6 1 7 1 8 1 9 1 10 2 11 2 12 2 13 2 14 3 15 3 16 3 17 3 18 3 19 3 20 3 21 4 22 4 23 4 24 4 25 4 26 4 27 5 28 5 29 5 30 5 31 5 32 5 33 5 34 5 35 5 36 5 37 5 38 5 39 6 40 6 41 6 42 6
PLR2|-->|setup_map neighbors 1 2,4,30 2 3,4,5 3 5,6,14 4 5,7 5 6,7,8 6 8 7 8,9 8 9 9 10 10 11,12 11 12,13 12 13,21 14 15,16 15 16,18,19 16 17 17 19,20,27,32,36 18 19,20,21 19 20 20 21,22,36 21 22,23,24 22 23,36 23 24,25,26,36 24 25 25 26 27 28,32,33 28 29,31,33,34 29 30,31 30 31,34,35 31 34 32 33,36,37 33 34,37,38 34 35 36 37 37 38 38 39 39 40,41 40 41,42 41 42
PLR1|-->|pick_starting_regions 5000 8 6 10 13 20 16 26 25 37 30 40 42
PLR1|<--|40 30 42 10 25 26 
PLR2|-->|pick_starting_regions 5000 8 6 10 13 20 16 26 25 37 30 40 42
PLR2|<--|6 16 10 40 30 37 
PLR1|-->|settings starting_armies 5
PLR2|-->|settings starting_armies 5
PLR1|-->|update_map 1 neutral 2 2 neutral 2 3 neutral 2 4 neutral 2 5 neutral 2 6 PLR2 2 7 neutral 2 8 neutral 2 9 neutral 2 10 PLR2 2 11 neutral 2 12 neutral 2 13 neutral 2 14 neutral 2 15 neutral 2 16 PLR2 2 17 neutral 2 18 neutral 2 19 neutral 2 20 neutral 2 21 neutral 2 22 neutral 2 23 neutral 2 24 neutral 2 25 neutral 2 26 neutral 2 27 neutral 2 28 neutral 2 29 neutral 2 30 PLR1 2 31 neutral 2 32 neutral 2 33 neutral 2 34 neutral 2 35 neutral 2 36 neutral 2 37 neutral 2 38 neutral 2 39 neutral 2 40 PLR1 2 41 neutral 2 42 PLR1 2
PLR2|-->|update_map 1 neutral 2 2 neutral 2 3 neutral 2 4 neutral 2 5 neutral 2 6 PLR2 2 7 neutral 2 8 neutral 2 9 neutral 2 10 PLR2 2 11 neutral 2 12 neutral 2 13 neutral 2 14 neutral 2 15 neutral 2 16 PLR2 2 17 neutral 2 18 neutral 2 19 neutral 2 20 neutral 2 21 neutral 2 22 neutral 2 23 neutral 2 24 neutral 2 25 neutral 2 26 neutral 2 27 neutral 2 28 neutral 2 29 neutral 2 30 PLR1 2 31 neutral 2 32 neutral 2 33 neutral 2 34 neutral 2 35 neutral 2 36 neutral 2 37 neutral 2 38 neutral 2 39 neutral 2 40 PLR1 2 41 neutral 2 42 PLR1 2
PLR1|-->|opponent_moves
PLR2|-->|opponent_moves
#Engine:Round 1
PLR1|-->|go place_armies 5000
PLR1|<--|PLR1 place_armies 40 2,PLR1 place_armies 30 2,PLR1 place_armies 30 1,
PLR2|-->|go place_armies 5000
PLR2|<--|PLR2 place_armies 16 2,PLR2 place_armies 10 2,PLR2 place_armies 6 1,
PLR1|-->|go attack/transfer 5000
PLR1|<--|PLR1 attack/transfer 40 42 5,PLR1 attack/transfer 42 40 5,
PLR2|-->|go attack/transfer 5000
PLR2|<--|No moves
PLR1|-->|settings starting_armies 5
PLR2|-->|settings starting_armies 5
PLR1|-->|update_map 1 neutral 2 2 neutral 2 3 neutral 2 4 neutral 2 5 neutral 2 6 PLR2 3 7 neutral 2 8 neutral 2 9 neutral 2 10 PLR2 4 11 neutral 2 12 neutral 2 13 neutral 2 14 neutral 2 15 neutral 2 16 PLR2 4 17 neutral 2 18 neutral 2 19 neutral 2 20 neutral 2 21 neutral 2 22 neutral 2 23 neutral 2 24 neutral 2 25 neutral 2 26 neutral 2 27 neutral 2 28 neutral 2 29 neutral 2 30 PLR1 5 31 neutral 2 32 neutral 2 33 neutral 2 34 neutral 2 35 neutral 2 36 neutral 2 37 neutral 2 38 neutral 2 39 neutral 2 40 PLR1 2 41 neutral 2 42 PLR1 4
PLR2|-->|update_map 1 neutral 2 2 neutral 2 3 neutral 2 4 neutral 2 5 neutral 2 6 PLR2 3 7 neutral 2 8 neutral 2 9 neutral 2 10 PLR2 4 11 neutral 2 12 neutral 2 13 neutral 2 14 neutral 2 15 neutral 2 16 PLR2 4 17 neutral 2 18 neutral 2 19 neutral 2 20 neutral 2 21 neutral 2 22 neutral 2 23 neutral 2 24 neutral 2 25 neutral 2 26 neutral 2 27 neutral 2 28 neutral 2 29 neutral 2 30 PLR1 5 31 neutral 2 32 neutral 2 33 neutral 2 34 neutral 2 35 neutral 2 36 neutral 2 37 neutral 2 38 neutral 2 39 neutral 2 40 PLR1 2 41 neutral 2 42 PLR1 4
PLR1|-->|opponent_moves
PLR2|-->|opponent_moves
#Engine:Round 2
PLR1|-->|go place_armies 5000
PLR1|<--|PLR1 place_armies 40 2,PLR1 place_armies 30 2,PLR1 place_armies 30 1,
PLR2|-->|go place_armies 5000
PLR2|<--|PLR2 place_armies 10 2,PLR2 place_armies 6 2,PLR2 place_armies 10 1,
PLR1|-->|go attack/transfer 5000
PLR1|<--|PLR1 attack/transfer 40 42 5,PLR1 attack/transfer 42 40 5,
PLR2|-->|go attack/transfer 5000
PLR2|<--|No moves
PLR1|-->|settings starting_armies 5
PLR2|-->|settings starting_armies 5
PLR1|-->|update_map 1 neutral 2 2 neutral 2 3 neutral 2 4 neutral 2 5 neutral 2 6 PLR2 5 7 neutral 2 8 neutral 2 9 neutral 2 10 PLR2 7 11 neutral 2 12 neutral 2 13 neutral 2 14 neutral 2 15 neutral 2 16 PLR2 4 17 neutral 2 18 neutral 2 19 neutral 2 20 neutral 2 21 neutral 2 22 neutral 2 23 neutral 2 24 neutral 2 25 neutral 2 26 neutral 2 27 neutral 2 28 neutral 2 29 neutral 2 30 PLR1 8 31 neutral 2 32 neutral 2 33 neutral 2 34 neutral 2 35 neutral 2 36 neutral 2 37 neutral 2 38 neutral 2 39 neutral 2 40 PLR1 4 41 neutral 2 42 PLR1 4
PLR2|-->|update_map 1 neutral 2 2 neutral 2 3 neutral 2 4 neutral 2 5 neutral 2 6 PLR2 5 7 neutral 2 8 neutral 2 9 neutral 2 10 PLR2 7 11 neutral 2 12 neutral 2 13 neutral 2 14 neutral 2 15 neutral 2 16 PLR2 4 17 neutral 2 18 neutral 2 19 neutral 2 20 neutral 2 21 neutral 2 22 neutral 2 23 neutral 2 24 neutral 2 25 neutral 2 26 neutral 2 27 neutral 2 28 neutral 2 29 neutral 2 30 PLR1 8 31 neutral 2 32 neutral 2 33 neutral 2 34 neutral 2 35 neutral 2 36 neutral 2 37 neutral 2 38 neutral 2 39 neutral 2 40 PLR1 4 41 neutral 2 42 PLR1 4
PLR1|-->|opponent_moves
PLR2|-->|opponent_moves
#Engine:Round 3
PLR1|-->|go place_armies 5000
PLR1|<--|PLR1 place_armies 40 2,PLR1 place_armies 40 2,PLR1 place_armies 40 1,
PLR2|-->|go place_armies 5000
PLR2|<--|PLR2 place_armies 10 2,PLR2 place_armies 10 2,PLR2 place_armies 6 1,
PLR1|-->|go attack/transfer 5000
PLR1|<--|PLR1 attack/transfer 30 34 5,PLR1 attack/transfer 40 42 5,PLR1 attack/transfer 42 40 5,
PLR2|-->|go attack/transfer 5000
PLR2|<--|PLR2 attack/transfer 10 9 5,
PLR1|-->|settings starting_armies 5
PLR2|-->|settings starting_armies 5
PLR1|-->|update_map 1 neutral 2 2 neutral 2 3 neutral 2 4 neutral 2 5 neutral 2 6 PLR2 6 7 neutral 2 8 neutral 2 9 PLR2 4 10 PLR2 6 11 neutral 2 12 neutral 2 13 neutral 2 14 neutral 2 15 neutral 2 16 PLR2 4 17 neutral 2 18 neutral 2 19 neutral 2 20 neutral 2 21 neutral 2 22 neutral 2 23 neutral 2 24 neutral 2 25 neutral 2 26 neutral 2 27 neutral 2 28 neutral 2 29 neutral 2 30 PLR1 3 31 neutral 2 32 neutral 2 33 neutral 2 34 PLR1 3 35 neutral 2 36 neutral 2 37 neutral 2 38 neutral 2 39 neutral 2 40 PLR1 7 41 neutral 2 42 PLR1 6
PLR2|-->|update_map 1 neutral 2 2 neutral 2 3 neutral 2 4 neutral 2 5 neutral 2 6 PLR2 6 7 neutral 2 8 neutral 2 9 PLR2 4 10 PLR2 6 11 neutral 2 12 neutral 2 13 neutral 2 14 neutral 2 15 neutral 2 16 PLR2 4 17 neutral 2 18 neutral 2 19 neutral 2 20 neutral 2 21 neutral 2 22 neutral 2 23 neutral 2 24 neutral 2 25 neutral 2 26 neutral 2 27 neutral 2 28 neutral 2 29 neutral 2 30 PLR1 3 31 neutral 2 32 neutral 2 33 neutral 2 34 PLR1 3 35 neutral 2 36 neutral 2 37 neutral 2 38 neutral 2 39 neutral 2 40 PLR1 7 41 neutral 2 42 PLR1 6
PLR1|-->|opponent_moves
PLR2|-->|opponent_moves
#Engine:Round 4
PLR1|-->|go place_armies 5000
PLR1|<--|PLR1 place_armies 30 2,PLR1 place_armies 30 2,PLR1 place_armies 30 1,
PLR2|-->|go place_armies 5000
PLR2|<--|PLR2 place_armies 16 2,PLR2 place_armies 16 2,PLR2 place_armies 16 1,
PLR1|-->|go attack/transfer 5000
PLR1|<--|PLR1 attack/transfer 30 34 5,PLR1 attack/transfer 34 30 5,PLR1 attack/transfer 40 41 5,PLR1 attack/transfer 42 40 5,
PLR2|-->|go attack/transfer 5000
PLR2|<--|PLR2 attack/transfer 9 10 5,PLR2 attack/transfer 10 9 5,
PLR1|-->|settings starting_armies 5
PLR2|-->|settings starting_armies 5
PLR1|-->|update_map 1 neutral 2 2 neutral 2 3 neutral 2 4 neutral 2 5 neutral 2 6 PLR2 6 7 neutral 2 8 neutral 2 9 PLR2 6 10 PLR2 4 11 neutral 2 12 neutral 2 13 neutral 2 14 neutral 2 15 neutral 2 16 PLR2 9 17 neutral 2 18 neutral 2 19 neutral 2 20 neutral 2 21 neutral 2 22 neutral 2 23 neutral 2 24 neutral 2 25 neutral 2 26 neutral 2 27 neutral 2 28 neutral 2 29 neutral 2 30 PLR1 5 31 neutral 2 32 neutral 2 33 neutral 2 34 PLR1 6 35 neutral 2 36 neutral 2 37 neutral 2 38 neutral 2 39 neutral 2 40 PLR1 7 41 PLR1 5 42 PLR1 1
PLR2|-->|update_map 1 neutral 2 2 neutral 2 3 neutral 2 4 neutral 2 5 neutral 2 6 PLR2 6 7 neutral 2 8 neutral 2 9 PLR2 6 10 PLR2 4 11 neutral 2 12 neutral 2 13 neutral 2 14 neutral 2 15 neutral 2 16 PLR2 9 17 neutral 2 18 neutral 2 19 neutral 2 20 neutral 2 21 neutral 2 22 neutral 2 23 neutral 2 24 neutral 2 25 neutral 2 26 neutral 2 27 neutral 2 28 neutral 2 29 neutral 2 30 PLR1 5 31 neutral 2 32 neutral 2 33 neutral 2 34 PLR1 6 35 neutral 2 36 neutral 2 37 neutral 2 38 neutral 2 39 neutral 2 40 PLR1 7 41 PLR1 5 42 PLR1 1
PLR1|-->|opponent_moves
PLR2|-->|opponent_moves
#Engine:Round 5
PLR1|-->|go place_armies 5000
PLR1|<--|PLR1 place_armies 41 2,PLR1 place_armies 30 2,PLR1 place_armies 30 1,
PLR2|-->|go place_armies 5000
PLR2|<--|PLR2 place_armies 6 2,PLR2 place_armies 9 2,PLR2 place_armies 9 1,
PLR1|-->|go attack/transfer 5000
PLR1|<--|PLR1 attack/transfer 30 34 5,PLR1 attack/transfer 34 30 5,PLR1 attack/transfer 40 42 5,PLR1 attack/transfer 41 42 5,
PLR2|-->|go attack/transfer 5000
PLR2|<--|PLR2 attack/transfer 9 10 5,PLR2 attack/transfer 10 9 5,PLR2 attack/transfer 16 14 5,
PLR1|-->|settings starting_armies 5
PLR2|-->|settings starting_armies 5
PLR1|-->|update_map 1 neutral 2 2 neutral 2 3 neutral 2 4 neutral 2 5 neutral 2 6 PLR2 8 7 neutral 2 8 neutral 2 9 PLR2 7 10 PLR2 6 11 neutral 2 12 neutral 2 13 neutral 2 14 PLR2 3 15 neutral 2 16 PLR2 4 17 neutral 2 18 neutral 2 19 neutral 2 20 neutral 2 21 neutral 2 22 neutral 2 23 neutral 2 24 neutral 2 25 neutral 2 26 neutral 2 27 neutral 2 28 neutral 2 29 neutral 2 30 PLR1 8 31 neutral 2 32 neutral 2 33 neutral 2 34 PLR1 6 35 neutral 2 36 neutral 2 37 neutral 2 38 neutral 2 39 neutral 2 40 PLR1 2 41 PLR1 2 42 PLR1 11
PLR2|-->|update_map 1 neutral 2 2 neutral 2 3 neutral 2 4 neutral 2 5 neutral 2 6 PLR2 8 7 neutral 2 8 neutral 2 9 PLR2 7 10 PLR2 6 11 neutral 2 12 neutral 2 13 neutral 2 14 PLR2 3 15 neutral 2 16 PLR2 4 17 neutral 2 18 neutral 2 19 neutral 2 20 neutral 2 21 neutral 2 22 neutral 2 23 neutral 2 24 neutral 2 25 neutral 2 26 neutral 2 27 neutral 2 28 neutral 2 29 neutral 2 30 PLR1 8 31 neutral 2 32 neutral 2 33 neutral 2 34 PLR1 6 35 neutral 2 36 neutral 2 37 neutral 2 38 neutral 2 39 neutral 2 40 PLR1 2 41 PLR1 2 42 PLR1 11
PLR1|-->|opponent_moves
PLR2|-->|opponent_moves
#Engine:Round 6
PLR1|-->|go place_armies 5000
PLR1|<--|PLR1 place_armies 41 2,PLR1 place_armies 34 2,PLR1 place_armies 42 1,
PLR2|-->|go place_armies 5000
PLR2|<--|PLR2 place_armies 6 2,PLR2 place_armies 9 2,PLR2 place_armies 14 1,
PLR1|-->|go attack/transfer 5000
PLR1|<--|PLR1 attack/transfer 30 1 5,PLR1 attack/transfer 34 30 5,PLR1 attack/transfer 40 41 5,PLR1 attack/transfer 41 40 5,PLR1 attack/transfer 42 40 5,
PLR2|-->|go attack/transfer 5000
PLR2|<--|PLR2 attack/transfer 6 5 5,PLR2 attack/transfer 9 8 5,PLR2 attack/transfer 10 9 5,PLR2 attack/transfer 14 16 5,PLR2 attack/transfer 16 14 5,
PLR1|-->|settings starting_armies 5
PLR2|-->|settings starting_armies 5
PLR1|-->|update_map 1 PLR1 3 2 neutral 2 3 neutral 2 4 neutral 2 5 PLR2 3 6 PLR2 5 7 neutral 2 8 PLR2 3 9 PLR2 9 10 PLR2 1 11 neutral 2 12 neutral 2 13 neutral 2 14 PLR2 4 15 neutral 2 16 PLR2 4 17 neutral 2 18 neutral 2 19 neutral 2 20 neutral 2 21 neutral 2 22 neutral 2 23 neutral 2 24 neutral 2 25 neutral 2 26 neutral 2 27 neutral 2 28 neutral 2 29 neutral 2 30 PLR1 8 31 neutral 2 32 neutral 2 33 neutral 2 34 PLR1 3 35 neutral 2 36 neutral 2 37 neutral 2 38 neutral 2 39 neutral 2 40 PLR1 9 41 PLR1 2 42 PLR1 7
PLR2|-->|update_map 1 PLR1 3 2 neutral 2 3 neutral 2 4 neutral 2 5 PLR2 3 6 PLR2 5 7 neutral 2 8 PLR2 3 9 PLR2 9 10 PLR2 1 11 neutral 2 12 neutral 2 13 neutral 2 14 PLR2 4 15 neutral 2 16 PLR2 4 17 neutral 2 18 neutral 2 19 neutral 2 20 neutral 2 21 neutral 2 22 neutral 2 23 neutral 2 24 neutral 2 25 neutral 2 26 neutral 2 27 neutral 2 28 neutral 2 29 neutral 2 30 PLR1 8 31 neutral 2 32 neutral 2 33 neutral 2 34 PLR1 3 35 neutral 2 36 neutral 2 37 neutral 2 38 neutral 2 39 neutral 2 40 PLR1 9 41 PLR1 2 42 PLR1 7
PLR1|-->|opponent_moves
PLR2|-->|opponent_moves
#Engine:Round 7
PLR1|-->|go place_armies 5000
PLR1|<--|PLR1 place_armies 42 2,PLR1 place_armies 42 2,PLR1 place_armies 41 1,
PLR2|-->|go place_armies 5000
PLR2|<--|PLR2 place_armies 8 2,PLR2 place_armies 16 2,PLR2 place_armies 5 1,
PLR1|-->|go attack/transfer 5000
PLR1|<--|PLR1 attack/transfer 1 30 5,PLR1 attack/transfer 30 34 5,PLR1 attack/transfer 34 30 5,PLR1 attack/transfer 40 41 5,PLR1 attack/transfer 41 42 5,PLR1 attack/transfer 42 40 5,
PLR2|-->|go attack/transfer 5000
PLR2|<--|PLR2 attack/transfer 5 8 5,PLR2 attack/transfer 6 8 5,PLR2 attack/transfer 8 6 5,PLR2 attack/transfer 9 10 5,PLR2 attack/transfer 14 16 5,PLR2 attack/transfer 16 14 5,
PLR1|-->|settings starting_armies 5
PLR2|-->|settings starting_armies 5
PLR1|-->|update_map 1 PLR1 1 2 neutral 2 3 neutral 2 4 neutral 2 5 PLR2 1 6 PLR2 5 7 neutral 2 8 PLR2 8 9 PLR2 4 10 PLR2 6 11 neutral 2 12 neutral 2 13 neutral 2 14 PLR2 6 15 neutral 2 16 PLR2 4 17 neutral 2 18 neutral 2 19 neutral 2 20 neutral 2 21 neutral 2 22 neutral 2 23 neutral 2 24 neutral 2 25 neutral 2 26 neutral 2 27 neutral 2 28 neutral 2 29 neutral 2 30 PLR1 7 31 neutral 2 32 neutral 2 33 neutral 2 34 PLR1 6 35 neutral 2 36 neutral 2 37 neutral 2 38 neutral 2 39 neutral 2 40 PLR1 9 41 PLR1 6 42 PLR1 8
PLR2|-->|update_map 1 PLR1 1 2 neutral 2 3 neutral 2 4 neutral 2 5 PLR2 1 6 PLR2 5 7 neutral 2 8 PLR2 8 9 PLR2 4 10 PLR2 6 11 neutral 2 12 neutral 2 13 neutral 2 14 PLR2 6 15 neutral 2 16 PLR2 4 17 neutral 2 18 neutral 2 19 neutral 2 20 neutral 2 21 neutral 2 22 neutral 2 23 neutral 2 24 neutral 2 25 neutral 2 26 neutral 2 27 neutral 2 28 neutral 2 29 neutral 2 30 PLR1 7 31 neutral 2 32 neutral 2 33 neutral 2 34 PLR1 6 35 neutral 2 36 neutral 2 37 neutral 2 38 neutral 2 39 neutral 2 40 PLR1 9 41 PLR1 6 42 PLR1 8
PLR1|-->|opponent_moves
PLR2|-->|opponent_moves
#Engine:Round 8
PLR1|-->|go place_armies 5000
PLR1|<--|PLR1 place_armies 40 2,PLR1 place_armies 42 2,PLR1 place_armies 34 1,
PLR2|-->|go place_armies 5000
PLR2|<--|PLR2 place_armies 6 2,PLR2 place_armies 16 2,PLR2 place_armies 10 1,
PLR1|-->|go attack/transfer 5000
PLR1|<--|PLR1 attack/transfer 30 29 5,PLR1 attack/transfer 34 30 5,PLR1 attack/transfer 40 39 5,PLR1 attack/transfer 41 40 5,PLR1 attack/transfer 42 40 5,
PLR2|-->|go attack/transfer 5000
PLR2|<--|PLR2 attack/transfer 6 5 5,PLR2 attack/transfer 8 6 5,PLR2 attack/transfer 9 10 5,PLR2 attack/transfer 10 9 5,PLR2 attack/transfer 14 16 5,PLR2 attack/transfer 16 14 5,
PLR1|-->|settings starting_armies 7
PLR2|-->|settings starting_armies 5
PLR1|-->|update_map 1 PLR1 1 2 neutral 2 3 neutral 2 4 neutral 2 5 PLR2 6 6 PLR2 7 7 neutral 2 8 PLR2 3 9 PLR2 6 10 PLR2 5 11 neutral 2 12 neutral 2 13 neutral 2 14 PLR2 6 15 neutral 2 16 PLR2 6 17 neutral 2 18 neutral 2 19 neutral 2 20 neutral 2 21 neutral 2 22 neutral 2 23 neutral 2 24 neutral 2 25 neutral 2 26 neutral 2 27 neutral 2 28 neutral 2 29 PLR1 3 30 PLR1 7 31 neutral 2 32 neutral 2 33 neutral 2 34 PLR1 2 35 neutral 2 36 neutral 2 37 neutral 2 38 neutral 2 39 PLR1 4 40 PLR1 16 41 PLR1 1 42 PLR1 5
PLR2|-->|update_map 1 PLR1 1 2 neutral 2 3 neutral 2 4 neutral 2 5 PLR2 6 6 PLR2 7 7 neutral 2 8 PLR2 3 9 PLR2 6 10 PLR2 5 11 neutral 2 12 neutral 2 13 neutral 2 14 PLR2 6 15 neutral 2 16 PLR2 6 17 neutral 2 18 neutral 2 19 neutral 2 20 neutral 2 21 neutral 2 22 neutral 2 23 neutral 2 24 neutral 2 25 neutral 2 26 neutral 2 27 neutral 2 28 neutral 2 29 PLR1 3 30 PLR1 7 31 neutral 2 32 neutral 2 33 neutral 2 34 PLR1 2 35 neutral 2 36 neutral 2 37 neutral 2 38 neutral 2 39 PLR1 4 40 PLR1 16 41 PLR1 1 42 PLR1 5
PLR1|-->|opponent_moves
PLR2|-->|opponent_moves
#Engine:Round 9
PLR1|-->|go place_armies 5000
PLR1|<--|PLR1 place_armies 1 2,PLR1 place_armies 30 2,PLR1 place_armies 41 2,PLR1 place_armies 34 1,
PLR2|-->|go place_armies 5000
PLR2|<--|PLR2 place_armies 16 2,PLR2 place_armies 9 2,PLR2 place_armies 6 1,
PLR1|-->|go attack/transfer 5000
PLR1|<--|PLR1 attack/transfer 29 30 5,PLR1 attack/transfer 30 29 5,PLR1 attack/transfer 34 30 5,PLR1 attack/transfer 39 41 5,PLR1 attack/transfer 40 41 5,PLR1 attack/transfer 42 41 5,
PLR2|-->|go attack/transfer 5000
PLR2|<--|PLR2 attack/transfer 5 6 5,PLR2 attack/transfer 6 5 5,PLR2 attack/transfer 8 5 5,PLR2 attack/transfer 9 8 5,PLR2 attack/transfer 10 9 5,PLR2 attack/transfer 14 16 5,PLR2 attack/transfer 16 14 5,
PLR1|-->|settings starting_armies 7
PLR2|-->|settings starting_armies 5
PLR1|-->|update_map 1 PLR1 3 2 neutral 2 3 neutral 2 4 neutral 2 5 PLR2 8 6 PLR2 8 7 neutral 2 8 PLR2 6 9 PLR2 7 10 PLR2 1 11 neutral 2 12 neutral 2 13 neutral 2 14 PLR2 6 15 neutral 2 16 PLR2 8 17 neutral 2 18 neutral 2 19 neutral 2 20 neutral 2 21 neutral 2 22 neutral 2 23 neutral 2 24 neutral 2 25 neutral 2 26 neutral 2 27 neutral 2 28 neutral 2 29 PLR1 6 30 PLR1 8 31 neutral 2 32 neutral 2 33 neutral 2 34 PLR1 1 35 neutral 2 36 neutral 2 37 neutral 2 38 neutral 2 39 PLR1 1 40 PLR1 11 41 PLR1 15 42 PLR1 1
PLR2|-->|update_map 1 PLR1 3 2 neutral 2 3 neutral 2 4 neutral 2 5 PLR2 8 6 PLR2 8 7 neutral 2 8 PLR2 6 9 PLR2 7 10 PLR2 1 11 neutral 2 12 neutral 2 13 neutral 2 14 PLR2 6 15 neutral 2 16 PLR2 8 17 neutral 2 18 neutral 2 19 neutral 2 20 neutral 2 21 neutral 2 22 neutral 2 23 neutral 2 24 neutral 2 25 neutral 2 26 neutral 2 27 neutral 2 28 neutral 2 29 PLR1 6 30 PLR1 8 31 neutral 2 32 neutral 2 33 neutral 2 34 PLR1 1 35 neutral 2 36 neutral 2 37 neutral 2 38 neutral 2 39 PLR1 1 40 PLR1 11 41 PLR1 15 42 PLR1 1
PLR1|-->|opponent_moves
PLR2|-->|opponent_moves
#Engine:Round 10
PLR1|-->|go place_armies 5000
PLR1|<--|PLR1 place_armies 39 2,PLR1 place_armies 29 2,PLR1 place_armies 29 2,PLR1 place_armies 34 1,
PLR2|-->|go place_armies 5000
PLR2|<--|PLR2 place_armies 14 2,PLR2 place_armies 10 2,PLR2 place_armies 10 1,
PLR1|-->|go attack/transfer 5000
PLR1|<--|PLR1 attack/transfer 1 30 5,PLR1 attack/transfer 29 30 5,PLR1 attack/transfer 30 34 5,PLR1 attack/transfer 40 39 5,PLR1 attack/transfer 41 40 5,
PLR2|-->|go attack/transfer 5000
PLR2|<--|PLR2 attack/transfer 5 6 5,PLR2 attack/transfer 6 3 5,PLR2 attack/transfer 8 9 5,PLR2 attack/transfer 9 10 5,PLR2 attack/transfer 14 16 5,PLR2 attack/transfer 16 17 5,
PLR1|-->|settings starting_armies 7
PLR2|-->|settings starting_armies 5
PLR1|-->|update_map 1 PLR1 1 2 neutral 2 3 PLR2 3 4 neutral 2 5 PLR2 3 6 PLR2 8 7 neutral 2 8 PLR2 1 9 PLR2 7 10 PLR2 9 11 neutral 2 12 neutral 2 13 neutral 2 14 PLR2 3 15 neutral 2 16 PLR2 12 17 neutral 1 18 neutral 2 19 neutral 2 20 neutral 2 21 neutral 2 22 neutral 2 23 neutral 2 24 neutral 2 25 neutral 2 26 neutral 2 27 neutral 2 28 neutral 2 29 PLR1 5 30 PLR1 10 31 neutral 2 32 neutral 2 33 neutral 2 34 PLR1 7 35 neutral 2 36 neutral 2 37 neutral 2 38 neutral 2 39 PLR1 8 40 PLR1 11 41 PLR1 10 42 PLR1 1
PLR2|-->|update_map 1 PLR1 1 2 neutral 2 3 PLR2 3 4 neutral 2 5 PLR2 3 6 PLR2 8 7 neutral 2 8 PLR2 1 9 PLR2 7 10 PLR2 9 11 neutral 2 12 neutral 2 13 neutral 2 14 PLR2 3 15 neutral 2 16 PLR2 12 17 neutral 1 18 neutral 2 19 neutral 2 20 neutral 2 21 neutral 2 22 neutral 2 23 neutral 2 24 neutral 2 25 neutral 2 26 neutral 2 27 neutral 2 28 neutral 2 29 PLR1 5 30 PLR1 10 31 neutral 2 32 neutral 2 33 neutral 2 34 PLR1 7 35 neutral 2 36 neutral 2 37 neutral 2 38 neutral 2 39 PLR1 8 40 PLR1 11 41 PLR1 10 42 PLR1 1
PLR1|-->|opponent_moves
PLR2|-->|opponent_moves
#Engine:Round 11
PLR1|-->|go place_armies 5000
PLR1|<--|PLR1 place_armies 30 2,PLR1 place_armies 1 2,PLR1 place_armies 1 2,PLR1 place_armies 30 1,
PLR2|-->|go place_armies 5000
PLR2|<--|PLR2 place_armies 10 2,PLR2 place_armies 16 2,PLR2 place_armies 10 1,
PLR1|-->|go attack/transfer 5000
PLR1|<--|PLR1 attack/transfer 29 30 5,PLR1 attack/transfer 30 29 5,PLR1 attack/transfer 34 33 5,PLR1 attack/transfer 39 41 5,PLR1 attack/transfer 40 39 5,PLR1 attack/transfer 41 40 5,
PLR2|-->|go attack/transfer 5000
PLR2|<--|PLR2 attack/transfer 3 6 5,PLR2 attack/transfer 5 8 5,PLR2 attack/transfer 6 5 5,PLR2 attack/transfer 9 10 5,PLR2 attack/transfer 10 12 5,PLR2 attack/transfer 14 3 5,PLR2 attack/transfer 16 15 5,
PLR1|-->|settings starting_armies 7
PLR2|-->|settings starting_armies 5
PLR1|-->|update_map 1 PLR1 5 2 neutral 2 3 PLR2 3 4 neutral 2 5 PLR2 6 6 PLR2 5 7 neutral 2 8 PLR2 3 9 PLR2 2 10 PLR2 16 11 neutral 2 12 neutral 1 13 neutral 2 14 PLR2 1 15 PLR2 5 16 PLR2 9 17 neutral 1 18 neutral 2 19 neutral 2 20 neutral 2 21 neutral 2 22 neutral 2 23 neutral 2 24 neutral 2 25 neutral 2 26 neutral 2 27 neutral 2 28 neutral 2 29 PLR1 6 30 PLR1 12 31 neutral 2 32 neutral 2 33 PLR1 3 34 PLR1 2 35 neutral 2 36 neutral 2 37 neutral 2 38 neutral 2 39 PLR1 8 40 PLR1 11 41 PLR1 10 42 PLR1 1
PLR2|-->|update_map 1 PLR1 5 2 neutral 2 3 PLR2 3 4 neutral 2 5 PLR2 6 6 PLR2 5 7 neutral 2 8 PLR2 3 9 PLR2 2 10 PLR2 16 11 neutral 2 12 neutral 1 13 neutral 2 14 PLR2 1 15 PLR2 5 16 PLR2 9 17 neutral 1 18 neutral 2 19 neutral 2 20 neutral 2 21 neutral 2 22 neutral 2 23 neutral 2 24 neutral 2 25 neutral 2 26 neutral 2 27 neutral 2 28 neutral 2 29 PLR1 6 30 PLR1 12 31 neutral 2 32 neutral 2 33 PLR1 3 34 PLR1 2 35 neutral 2 36 neutral 2 37 neutral 2 38 neutral 2 39 PLR1 8 40 PLR1 11 41 PLR1 10 42 PLR1 1
PLR1|-->|opponent_moves
PLR2|-->|opponent_moves
#Engine:Round 12
PLR1|-->|go place_armies 5000
PLR1|<--|PLR1 place_armies 33 2,PLR1 place_armies 42 2,PLR1 place_armies 33 2,PLR1 place_armies 41 1,
PLR2|-->|go place_armies 5000
PLR2|<--|PLR2 place_armies 6 2,PLR2 place_armies 3 2,PLR2 place_armies 8 1,
PLR1|-->|go attack/transfer 5000
PLR1|<--|PLR1 attack/transfer 1 30 5,PLR1 attack/transfer 29 30 5,PLR1 attack/transfer 30 31 5,PLR1 attack/transfer 33 34 5,PLR1 attack/transfer 34 30 5,PLR1 attack/transfer 39 41 5,PLR1 attack/transfer 40 39 5,PLR1 attack/transfer 41 39 5,
PLR2|-->|go attack/transfer 5000
PLR2|<--|PLR2 attack/transfer 3 6 5,PLR2 attack/transfer 5 8 5,PLR2 attack/transfer 6 8 5,PLR2 attack/transfer 8 5 5,PLR2 attack/transfer 9 10 5,PLR2 attack/transfer 10 11 5,PLR2 attack/transfer 15 14 5,PLR2 attack/transfer 16 14 5,
PLR1|-->|settings starting_armies 7
PLR2|-->|settings starting_armies 5
PLR1|-->|update_map 1 PLR1 1 2 neutral 2 3 PLR2 1 4 neutral 2 5 PLR2 4 6 PLR2 6 7 neutral 2 8 PLR2 11 9 PLR2 1 10 PLR2 12 11 PLR2 3 12 neutral 1 13 neutral 2 14 PLR2 10 15 PLR2 1 16 PLR2 4 17 neutral 1 18 neutral 2 19 neutral 2 20 neutral 2 21 neutral 2 22 neutral 2 23 neutral 2 24 neutral 2 25 neutral 2 26 neutral 2 27 neutral 2 28 neutral 2 29 PLR1 1 30 PLR1 17 31 PLR1 5 32 neutral 2 33 PLR1 2 34 PLR1 6 35 neutral 2 36 neutral 2 37 neutral 2 38 neutral 2 39 PLR1 13 40 PLR1 6 41 PLR1 11 42 PLR1 3
PLR2|-->|update_map 1 PLR1 1 2 neutral 2 3 PLR2 1 4 neutral 2 5 PLR2 4 6 PLR2 6 7 neutral 2 8 PLR2 11 9 PLR2 1 10 PLR2 12 11 PLR2 3 12 neutral 1 13 neutral 2 14 PLR2 10 15 PLR2 1 16 PLR2 4 17 neutral 1 18 neutral 2 19 neutral 2 20 neutral 2 21 neutral 2 22 neutral 2 23 neutral 2 24 neutral 2 25 neutral 2 26 neutral 2 27 neutral 2 28 neutral 2 29 PLR1 1 30 PLR1 17 31 PLR1 5 32 neutral 2 33 PLR1 2 34 PLR1 6 35 neutral 2 36 neutral 2 37 neutral 2 38 neutral 2 39 PLR1 13 40 PLR1 6 41 PLR1 11 42 PLR1 3
PLR1|-->|opponent_moves
PLR2|-->|opponent_moves
#Engine:Round 13
PLR1|-->|go place_armies 5000
